<?xml version="1.0" encoding="UTF-8"?>
<!-- Generated by org.testng.reporters.JUnitReportReporter -->
<testsuite skipped="0" hostname="Ravis-Air.lan" name="com.l2a.testcases.LoginTest" tests="1" failures="0" timestamp="29 Dec 2020 20:28:52 GMT" time="39.893" errors="0">
  <testcase name="loginTest" time="39.893" classname="com.l2a.testcases.LoginTest"/>
</testsuite> <!-- com.l2a.testcases.LoginTest -->
